# JRE version: OpenJDK Runtime Environment Corretto-11.0.17.8.1 (11.0.17+8) (build 11.0.17+8-LTS)
# Java VM: OpenJDK 64-Bit Server VM Corretto-11.0.17.8.1 (11.0.17+8-LTS, mixed mode, tiered, compressed oops, g1 gc, windows-amd64)
Heap:
 garbage-first heap   total 314368K, used 48677K [0x0000000705000000, 0x0000000800000000)
  region size 1024K, 15 young (15360K), 15 survivors (15360K)
 Metaspace       used 79496K, capacity 82061K, committed 82224K, reserved 1128448K
  class space    used 10265K, capacity 11265K, committed 11392K, reserved 1048576K
GC Heap History (20 events):
Event: 1.561 GC heap before
{Heap before GC invocations=1 (full 0):
 garbage-first heap   total 258048K, used 25810K [0x0000000705000000, 0x0000000800000000)
  region size 1024K, 20 young (20480K), 3 survivors (3072K)
 Metaspace       used 15045K, capacity 15362K, committed 15616K, reserved 1062912K
  class space    used 1547K, capacity 1680K, committed 1792K, reserved 1048576K
}
Event: 1.565 GC heap after
{Heap after GC invocations=2 (full 0):
 garbage-first heap   total 258048K, used 9298K [0x0000000705000000, 0x0000000800000000)
  region size 1024K, 1 young (1024K), 1 survivors (1024K)
 Metaspace       used 15045K, capacity 15362K, committed 15616K, reserved 1062912K
  class space    used 1547K, capacity 1680K, committed 1792K, reserved 1048576K
}
Event: 2.265 GC heap before
{Heap before GC invocations=2 (full 0):
 garbage-first heap   total 258048K, used 51282K [0x0000000705000000, 0x0000000800000000)
  region size 1024K, 43 young (44032K), 1 survivors (1024K)
 Metaspace       used 20396K, capacity 21108K, committed 21296K, reserved 1069056K
  class space    used 2317K, capacity 2596K, committed 2688K, reserved 1048576K
}
Event: 2.269 GC heap after
{Heap after GC invocations=3 (full 0):
 garbage-first heap   total 258048K, used 10838K [0x0000000705000000, 0x0000000800000000)
  region size 1024K, 3 young (3072K), 3 survivors (3072K)
 Metaspace       used 20396K, capacity 21108K, committed 21296K, reserved 1069056K
  class space    used 2317K, capacity 2596K, committed 2688K, reserved 1048576K
}
Event: 2.702 GC heap before
{Heap before GC invocations=4 (full 0):
 garbage-first heap   total 258048K, used 72278K [0x0000000705000000, 0x0000000800000000)
  region size 1024K, 64 young (65536K), 3 survivors (3072K)
 Metaspace       used 26357K, capacity 27252K, committed 27312K, reserved 1073152K
  class space    used 3202K, capacity 3533K, committed 3584K, reserved 1048576K
}
Event: 2.707 GC heap after
{Heap after GC invocations=5 (full 0):
 garbage-first heap   total 258048K, used 12713K [0x0000000705000000, 0x0000000800000000)
  region size 1024K, 5 young (5120K), 5 survivors (5120K)
 Metaspace       used 26357K, capacity 27252K, committed 27312K, reserved 1073152K
  class space    used 3202K, capacity 3533K, committed 3584K, reserved 1048576K
}
Event: 3.827 GC heap before
{Heap before GC invocations=5 (full 0):
 garbage-first heap   total 258048K, used 137641K [0x0000000705000000, 0x0000000800000000)
  region size 1024K, 127 young (130048K), 5 survivors (5120K)
 Metaspace       used 34173K, capacity 35355K, committed 35504K, reserved 1081344K
  class space    used 4129K, capacity 4571K, committed 4608K, reserved 1048576K
}
Event: 3.839 GC heap after
{Heap after GC invocations=6 (full 0):
 garbage-first heap   total 258048K, used 16195K [0x0000000705000000, 0x0000000800000000)
  region size 1024K, 8 young (8192K), 8 survivors (8192K)
 Metaspace       used 34173K, capacity 35355K, committed 35504K, reserved 1081344K
  class space    used 4129K, capacity 4571K, committed 4608K, reserved 1048576K
}
Event: 3.955 GC heap before
{Heap before GC invocations=6 (full 0):
 garbage-first heap   total 258048K, used 22339K [0x0000000705000000, 0x0000000800000000)
  region size 1024K, 15 young (15360K), 8 survivors (8192K)
 Metaspace       used 34632K, capacity 35771K, committed 35888K, reserved 1081344K
  class space    used 4208K, capacity 4647K, committed 4736K, reserved 1048576K
}
Event: 3.967 GC heap after
{Heap after GC invocations=7 (full 0):
 garbage-first heap   total 258048K, used 16614K [0x0000000705000000, 0x0000000800000000)
  region size 1024K, 8 young (8192K), 8 survivors (8192K)
 Metaspace       used 34632K, capacity 35771K, committed 35888K, reserved 1081344K
  class space    used 4208K, capacity 4647K, committed 4736K, reserved 1048576K
}
Event: 5.496 GC heap before
{Heap before GC invocations=8 (full 0):
 garbage-first heap   total 258048K, used 159974K [0x0000000705000000, 0x0000000800000000)
  region size 1024K, 148 young (151552K), 8 survivors (8192K)
 Metaspace       used 43245K, capacity 44784K, committed 44848K, reserved 1087488K
  class space    used 5349K, capacity 5956K, committed 6016K, reserved 1048576K
}
Event: 5.509 GC heap after
{Heap after GC invocations=9 (full 0):
 garbage-first heap   total 258048K, used 23489K [0x0000000705000000, 0x0000000800000000)
  region size 1024K, 15 young (15360K), 15 survivors (15360K)
 Metaspace       used 43245K, capacity 44784K, committed 44848K, reserved 1087488K
  class space    used 5349K, capacity 5956K, committed 6016K, reserved 1048576K
}
Event: 8.226 GC heap before
{Heap before GC invocations=9 (full 0):
 garbage-first heap   total 258048K, used 118721K [0x0000000705000000, 0x0000000800000000)
  region size 1024K, 109 young (111616K), 15 survivors (15360K)
 Metaspace       used 58454K, capacity 60112K, committed 60208K, reserved 1101824K
  class space    used 7310K, capacity 7978K, committed 8064K, reserved 1048576K
}
Event: 8.270 GC heap after
{Heap after GC invocations=10 (full 0):
 garbage-first heap   total 258048K, used 28686K [0x0000000705000000, 0x0000000800000000)
  region size 1024K, 13 young (13312K), 13 survivors (13312K)
 Metaspace       used 58454K, capacity 60112K, committed 60208K, reserved 1101824K
  class space    used 7310K, capacity 7978K, committed 8064K, reserved 1048576K
}
Event: 12.337 GC heap before
{Heap before GC invocations=11 (full 0):
 garbage-first heap   total 258048K, used 169998K [0x0000000705000000, 0x0000000800000000)
  region size 1024K, 151 young (154624K), 13 survivors (13312K)
 Metaspace       used 69465K, capacity 71659K, committed 71984K, reserved 1112064K
  class space    used 8916K, capacity 9753K, committed 9856K, reserved 1048576K
}
Event: 12.356 GC heap after
{Heap after GC invocations=12 (full 0):
 garbage-first heap   total 314368K, used 35145K [0x0000000705000000, 0x0000000800000000)
  region size 1024K, 12 young (12288K), 12 survivors (12288K)
 Metaspace       used 69465K, capacity 71659K, committed 71984K, reserved 1112064K
  class space    used 8916K, capacity 9753K, committed 9856K, reserved 1048576K
}
Event: 14.394 GC heap before
{Heap before GC invocations=13 (full 0):
 garbage-first heap   total 314368K, used 205129K [0x0000000705000000, 0x0000000800000000)
  region size 1024K, 177 young (181248K), 12 survivors (12288K)
 Metaspace       used 74344K, capacity 76807K, committed 77104K, reserved 1116160K
  class space    used 9597K, capacity 10535K, committed 10624K, reserved 1048576K
}
Event: 14.417 GC heap after
{Heap after GC invocations=14 (full 0):
 garbage-first heap   total 314368K, used 41572K [0x0000000705000000, 0x0000000800000000)
  region size 1024K, 19 young (19456K), 19 survivors (19456K)
 Metaspace       used 74344K, capacity 76807K, committed 77104K, reserved 1116160K
  class space    used 9597K, capacity 10535K, committed 10624K, reserved 1048576K
}
Event: 16.086 GC heap before
{Heap before GC invocations=14 (full 0):
 garbage-first heap   total 314368K, used 180836K [0x0000000705000000, 0x0000000800000000)
  region size 1024K, 156 young (159744K), 19 survivors (19456K)
 Metaspace       used 79496K, capacity 82061K, committed 82224K, reserved 1126400K
  class space    used 10265K, capacity 11265K, committed 11392K, reserved 1048576K
}
Event: 16.106 GC heap after
{Heap after GC invocations=15 (full 0):
 garbage-first heap   total 314368K, used 48677K [0x0000000705000000, 0x0000000800000000)
  region size 1024K, 15 young (15360K), 15 survivors (15360K)
 Metaspace       used 79496K, capacity 82061K, committed 82224K, reserved 1126400K
  class space    used 10265K, capacity 11265K, committed 11392K, reserved 1048576K
}

