# JRE version: OpenJDK Runtime Environment Corretto-11.0.17.8.1 (11.0.17+8) (build 11.0.17+8-LTS)
# Java VM: OpenJDK 64-Bit Server VM Corretto-11.0.17.8.1 (11.0.17+8-LTS, mixed mode, tiered, compressed oops, g1 gc, windows-amd64)
Heap:
 garbage-first heap   total 310272K, used 133622K [0x0000000705000000, 0x0000000800000000)
  region size 1024K, 101 young (103424K), 11 survivors (11264K)
 Metaspace       used 76772K, capacity 79366K, committed 79696K, reserved 1118208K
  class space    used 10045K, capacity 11041K, committed 11168K, reserved 1048576K
GC Heap History (18 events):
Event: 1.044 GC heap before
{Heap before GC invocations=0 (full 0):
 garbage-first heap   total 258048K, used 24576K [0x0000000705000000, 0x0000000800000000)
  region size 1024K, 24 young (24576K), 0 survivors (0K)
 Metaspace       used 13781K, capacity 14061K, committed 14080K, reserved 1062912K
  class space    used 1420K, capacity 1519K, committed 1536K, reserved 1048576K
}
Event: 1.049 GC heap after
{Heap after GC invocations=1 (full 0):
 garbage-first heap   total 258048K, used 8999K [0x0000000705000000, 0x0000000800000000)
  region size 1024K, 3 young (3072K), 3 survivors (3072K)
 Metaspace       used 13781K, capacity 14061K, committed 14080K, reserved 1062912K
  class space    used 1420K, capacity 1519K, committed 1536K, reserved 1048576K
}
Event: 1.295 GC heap before
{Heap before GC invocations=1 (full 0):
 garbage-first heap   total 258048K, used 27431K [0x0000000705000000, 0x0000000800000000)
  region size 1024K, 21 young (21504K), 3 survivors (3072K)
 Metaspace       used 15478K, capacity 15935K, committed 16256K, reserved 1062912K
  class space    used 1647K, capacity 1829K, committed 1920K, reserved 1048576K
}
Event: 1.299 GC heap after
{Heap after GC invocations=2 (full 0):
 garbage-first heap   total 258048K, used 9745K [0x0000000705000000, 0x0000000800000000)
  region size 1024K, 1 young (1024K), 1 survivors (1024K)
 Metaspace       used 15478K, capacity 15935K, committed 16256K, reserved 1062912K
  class space    used 1647K, capacity 1829K, committed 1920K, reserved 1048576K
}
Event: 1.733 GC heap before
{Heap before GC invocations=2 (full 0):
 garbage-first heap   total 258048K, used 45585K [0x0000000705000000, 0x0000000800000000)
  region size 1024K, 37 young (37888K), 1 survivors (1024K)
 Metaspace       used 20460K, capacity 21180K, committed 21296K, reserved 1069056K
  class space    used 2374K, capacity 2641K, committed 2688K, reserved 1048576K
}
Event: 1.736 GC heap after
{Heap after GC invocations=3 (full 0):
 garbage-first heap   total 258048K, used 11268K [0x0000000705000000, 0x0000000800000000)
  region size 1024K, 3 young (3072K), 3 survivors (3072K)
 Metaspace       used 20460K, capacity 21180K, committed 21296K, reserved 1069056K
  class space    used 2374K, capacity 2641K, committed 2688K, reserved 1048576K
}
Event: 2.001 GC heap before
{Heap before GC invocations=4 (full 0):
 garbage-first heap   total 258048K, used 67588K [0x0000000705000000, 0x0000000800000000)
  region size 1024K, 59 young (60416K), 3 survivors (3072K)
 Metaspace       used 26304K, capacity 27228K, committed 27312K, reserved 1073152K
  class space    used 3230K, capacity 3570K, committed 3584K, reserved 1048576K
}
Event: 2.008 GC heap after
{Heap after GC invocations=5 (full 0):
 garbage-first heap   total 258048K, used 13096K [0x0000000705000000, 0x0000000800000000)
  region size 1024K, 5 young (5120K), 5 survivors (5120K)
 Metaspace       used 26304K, capacity 27228K, committed 27312K, reserved 1073152K
  class space    used 3230K, capacity 3570K, committed 3584K, reserved 1048576K
}
Event: 3.021 GC heap before
{Heap before GC invocations=6 (full 0):
 garbage-first heap   total 258048K, used 148264K [0x0000000705000000, 0x0000000800000000)
  region size 1024K, 137 young (140288K), 5 survivors (5120K)
 Metaspace       used 34804K, capacity 36044K, committed 36272K, reserved 1081344K
  class space    used 4316K, capacity 4786K, committed 4864K, reserved 1048576K
}
Event: 3.028 GC heap after
{Heap after GC invocations=7 (full 0):
 garbage-first heap   total 258048K, used 17243K [0x0000000705000000, 0x0000000800000000)
  region size 1024K, 9 young (9216K), 9 survivors (9216K)
 Metaspace       used 34804K, capacity 36044K, committed 36272K, reserved 1081344K
  class space    used 4316K, capacity 4786K, committed 4864K, reserved 1048576K
}
Event: 4.223 GC heap before
{Heap before GC invocations=7 (full 0):
 garbage-first heap   total 258048K, used 155483K [0x0000000705000000, 0x0000000800000000)
  region size 1024K, 145 young (148480K), 9 survivors (9216K)
 Metaspace       used 43913K, capacity 45408K, committed 45488K, reserved 1089536K
  class space    used 5472K, capacity 6065K, committed 6144K, reserved 1048576K
}
Event: 4.246 GC heap after
{Heap after GC invocations=8 (full 0):
 garbage-first heap   total 258048K, used 24192K [0x0000000705000000, 0x0000000800000000)
  region size 1024K, 15 young (15360K), 15 survivors (15360K)
 Metaspace       used 43913K, capacity 45408K, committed 45488K, reserved 1089536K
  class space    used 5472K, capacity 6065K, committed 6144K, reserved 1048576K
}
Event: 8.955 GC heap before
{Heap before GC invocations=9 (full 0):
 garbage-first heap   total 258048K, used 163456K [0x0000000705000000, 0x0000000800000000)
  region size 1024K, 151 young (154624K), 15 survivors (15360K)
 Metaspace       used 63495K, capacity 65403K, committed 65584K, reserved 1105920K
  class space    used 8230K, capacity 8969K, committed 9088K, reserved 1048576K
}
Event: 8.971 GC heap after
{Heap after GC invocations=10 (full 0):
 garbage-first heap   total 258048K, used 31559K [0x0000000705000000, 0x0000000800000000)
  region size 1024K, 15 young (15360K), 15 survivors (15360K)
 Metaspace       used 63495K, capacity 65403K, committed 65584K, reserved 1105920K
  class space    used 8230K, capacity 8969K, committed 9088K, reserved 1048576K
}
Event: 10.092 GC heap before
{Heap before GC invocations=10 (full 0):
 garbage-first heap   total 258048K, used 170823K [0x0000000705000000, 0x0000000800000000)
  region size 1024K, 151 young (154624K), 15 survivors (15360K)
 Metaspace       used 71987K, capacity 74303K, committed 74416K, reserved 1114112K
  class space    used 9318K, capacity 10204K, committed 10240K, reserved 1048576K
}
Event: 10.107 GC heap after
{Heap after GC invocations=11 (full 0):
 garbage-first heap   total 310272K, used 39177K [0x0000000705000000, 0x0000000800000000)
  region size 1024K, 15 young (15360K), 15 survivors (15360K)
 Metaspace       used 71987K, capacity 74303K, committed 74416K, reserved 1114112K
  class space    used 9318K, capacity 10204K, committed 10240K, reserved 1048576K
}
Event: 10.591 GC heap before
{Heap before GC invocations=11 (full 0):
 garbage-first heap   total 310272K, used 133385K [0x0000000705000000, 0x0000000800000000)
  region size 1024K, 108 young (110592K), 15 survivors (15360K)
 Metaspace       used 73712K, capacity 76148K, committed 76240K, reserved 1116160K
  class space    used 9586K, capacity 10501K, committed 10528K, reserved 1048576K
}
Event: 10.604 GC heap after
{Heap after GC invocations=12 (full 0):
 garbage-first heap   total 310272K, used 42486K [0x0000000705000000, 0x0000000800000000)
  region size 1024K, 11 young (11264K), 11 survivors (11264K)
 Metaspace       used 73712K, capacity 76148K, committed 76240K, reserved 1116160K
  class space    used 9586K, capacity 10501K, committed 10528K, reserved 1048576K
}

